<?xml version="1.0" encoding="UTF-8"?>
<!-- Generated by org.testng.reporters.JUnitXMLReporter -->
<testsuite ignored="0" hostname="MacBook-Pro-2" failures="0" tests="14" name="Default test" time="86.051" errors="0" timestamp="2024-11-30T01:10:03 EST">
  <testcase classname="com.Hash.e_invoice.TC7_CreateSimplifiedInvoice" name="T01_NavigateToURL" time="8.434"/>
  <testcase classname="com.Hash.e_invoice.TC7_CreateSimplifiedInvoice" name="T02_EnterEmail" time="2.127"/>
  <testcase classname="com.Hash.e_invoice.TC7_CreateSimplifiedInvoice" name="T03_EnterPassword" time="2.051"/>
  <testcase classname="com.Hash.e_invoice.TC7_CreateSimplifiedInvoice" name="T04_ClickOnSignIn" time="5.075"/>
  <testcase classname="com.Hash.e_invoice.TC7_CreateSimplifiedInvoice" name="T05_ClickOneInvoice" time="5.09"/>
  <testcase classname="com.Hash.e_invoice.TC7_CreateSimplifiedInvoice" name="T06_ClickOnCreate" time="2.167"/>
  <testcase classname="com.Hash.e_invoice.TC7_CreateSimplifiedInvoice" name="T07_SelectOrganization" time="4.202"/>
  <testcase classname="com.Hash.e_invoice.TC7_CreateSimplifiedInvoice" name="T10_SelectInvoiceType" time="4.156"/>
  <testcase classname="com.Hash.e_invoice.TC7_CreateSimplifiedInvoice" name="T11_SelectSupplyStartDate" time="4.189"/>
  <testcase classname="com.Hash.e_invoice.TC7_CreateSimplifiedInvoice" name="T12_SelectSupplyEndDate" time="4.166"/>
  <testcase classname="com.Hash.e_invoice.TC7_CreateSimplifiedInvoice" name="T13_InputIteamName" time="4.538"/>
  <testcase classname="com.Hash.e_invoice.TC7_CreateSimplifiedInvoice" name="T14_InputQantity" time="2.079"/>
  <testcase classname="com.Hash.e_invoice.TC7_CreateSimplifiedInvoice" name="T15_InputPrice" time="2.115"/>
  <testcase classname="com.Hash.e_invoice.TC7_CreateSimplifiedInvoice" name="T16_InputUnit" time="35.599"/>
</testsuite> <!-- Default test -->
