<?xml version="1.0" encoding="UTF-8"?>
<!-- Generated by org.testng.reporters.JUnitXMLReporter -->
<testsuite ignored="10" hostname="MacBook-Pro-2" failures="0" tests="80" name="Test" time="0.098" errors="0" timestamp="2024-11-20T16:06:57 EST">
  <testcase classname="com.Hash.e_invoice.CommonTest" name="@BeforeSuite setup" time="6.544">
    <failure type="org.openqa.selenium.SessionNotCreatedException" message="Could not start a new session. Response code 500. Message: session not created: This version of ChromeDriver only supports Chrome version 129
Current browser version is 131.0.6778.70 with binary path /Applications/Google Chrome.app/Contents/MacOS/Google Chrome 
Host info: host: &amp;apos;MacBook-Pro-2&amp;apos;, ip: &amp;apos;fe80:0:0:0:1e:b6d2:4368:f3e5%en0&amp;apos;
Build info: version: &amp;apos;4.25.0&amp;apos;, revision: &amp;apos;8a8aea2337&amp;apos;
System info: os.name: &amp;apos;Mac OS X&amp;apos;, os.arch: &amp;apos;aarch64&amp;apos;, os.version: &amp;apos;14.1.2&amp;apos;, java.version: &amp;apos;17.0.10&amp;apos;
Driver info: org.openqa.selenium.chrome.ChromeDriver
Command: [null, newSession {capabilities=[Capabilities {browserName: chrome, goog:chromeOptions: {args: [], extensions: []}}]}]">
      <![CDATA[org.openqa.selenium.SessionNotCreatedException: Could not start a new session. Response code 500. Message: session not created: This version of ChromeDriver only supports Chrome version 129
Current browser version is 131.0.6778.70 with binary path /Applications/Google Chrome.app/Contents/MacOS/Google Chrome 
Host info: host: 'MacBook-Pro-2', ip: 'fe80:0:0:0:1e:b6d2:4368:f3e5%en0'
Build info: version: '4.25.0', revision: '8a8aea2337'
System info: os.name: 'Mac OS X', os.arch: 'aarch64', os.version: '14.1.2', java.version: '17.0.10'
Driver info: org.openqa.selenium.chrome.ChromeDriver
Command: [null, newSession {capabilities=[Capabilities {browserName: chrome, goog:chromeOptions: {args: [], extensions: []}}]}]
at org.openqa.selenium.remote.ProtocolHandshake.createSession(ProtocolHandshake.java:114)
at org.openqa.selenium.remote.ProtocolHandshake.createSession(ProtocolHandshake.java:75)
at org.openqa.selenium.remote.ProtocolHandshake.createSession(ProtocolHandshake.java:61)
at org.openqa.selenium.remote.HttpCommandExecutor.execute(HttpCommandExecutor.java:162)
at org.openqa.selenium.remote.service.DriverCommandExecutor.invokeExecute(DriverCommandExecutor.java:216)
at org.openqa.selenium.remote.service.DriverCommandExecutor.execute(DriverCommandExecutor.java:174)
at org.openqa.selenium.remote.RemoteWebDriver.execute(RemoteWebDriver.java:545)
at org.openqa.selenium.remote.RemoteWebDriver.startSession(RemoteWebDriver.java:245)
at org.openqa.selenium.remote.RemoteWebDriver.<init>(RemoteWebDriver.java:174)
at org.openqa.selenium.chromium.ChromiumDriver.<init>(ChromiumDriver.java:114)
at org.openqa.selenium.chrome.ChromeDriver.<init>(ChromeDriver.java:88)
at org.openqa.selenium.chrome.ChromeDriver.<init>(ChromeDriver.java:83)
at org.openqa.selenium.chrome.ChromeDriver.<init>(ChromeDriver.java:51)
at com.Hash.e_invoice.CommonTest.setup(CommonTest.java:34)
... Removed 19 stack frames]]>
    </failure>
  </testcase> <!-- @BeforeSuite setup -->
  <testcase classname="com.Hash.e_invoice.TC1_SignUpTest" name="T01_NavigateToURL" time="0.0">
    <skipped/>
  </testcase> <!-- T01_NavigateToURL -->
  <testcase classname="com.Hash.e_invoice.TC1_SignUpTest" name="T02_ClickonSignUp" time="0.0">
    <skipped/>
  </testcase> <!-- T02_ClickonSignUp -->
  <testcase classname="com.Hash.e_invoice.TC1_SignUpTest" name="T03_EnterEmail" time="0.0">
    <skipped/>
  </testcase> <!-- T03_EnterEmail -->
  <testcase classname="com.Hash.e_invoice.TC1_SignUpTest" name="T04_EnterPassword" time="0.0">
    <skipped/>
  </testcase> <!-- T04_EnterPassword -->
  <testcase classname="com.Hash.e_invoice.TC1_SignUpTest" name="T05_ConfirmPassword" time="0.0">
    <skipped/>
  </testcase> <!-- T05_ConfirmPassword -->
  <testcase classname="com.Hash.e_invoice.TC1_SignUpTest" name="T06_ClickingoncheckBox" time="0.0">
    <skipped/>
  </testcase> <!-- T06_ClickingoncheckBox -->
  <testcase classname="com.Hash.e_invoice.TC1_SignUpTest" name="T07_ClickingOnCreateAccount" time="0.0">
    <skipped/>
  </testcase> <!-- T07_ClickingOnCreateAccount -->
  <testcase classname="com.Hash.e_invoice.TC1_SignUpTest" name="T08_NavigateTOYopMail" time="0.0">
    <skipped/>
  </testcase> <!-- T08_NavigateTOYopMail -->
  <testcase classname="com.Hash.e_invoice.TC2_SignInTest" name="T02_EnterEmail" time="0.0">
    <skipped/>
  </testcase> <!-- T02_EnterEmail -->
  <testcase classname="com.Hash.e_invoice.TC2_SignInTest" name="T03_EnterPassword" time="0.0">
    <skipped/>
  </testcase> <!-- T03_EnterPassword -->
  <testcase classname="com.Hash.e_invoice.TC2_SignInTest" name="T04_ClickOnSignIn" time="0.0">
    <skipped/>
  </testcase> <!-- T04_ClickOnSignIn -->
  <testcase classname="com.Hash.e_invoice.TC2_SignInTest" name="T05_EnterOrgNmAR" time="0.0">
    <skipped/>
  </testcase> <!-- T05_EnterOrgNmAR -->
  <testcase classname="com.Hash.e_invoice.TC2_SignInTest" name="T06_RegInputField" time="0.0">
    <skipped/>
  </testcase> <!-- T06_RegInputField -->
  <testcase classname="com.Hash.e_invoice.TC3_AddEntityTest" name="T01_NavigateToURL" time="0.001">
    <skipped/>
  </testcase> <!-- T01_NavigateToURL -->
  <testcase classname="com.Hash.e_invoice.TC3_AddEntityTest" name="T02_EnterEmail" time="0.0">
    <skipped/>
  </testcase> <!-- T02_EnterEmail -->
  <testcase classname="com.Hash.e_invoice.TC3_AddEntityTest" name="T03_EnterPassword" time="0.0">
    <skipped/>
  </testcase> <!-- T03_EnterPassword -->
  <testcase classname="com.Hash.e_invoice.TC3_AddEntityTest" name="T04_ClickOnSignIn" time="0.0">
    <skipped/>
  </testcase> <!-- T04_ClickOnSignIn -->
  <testcase classname="com.Hash.e_invoice.TC3_AddEntityTest" name="T05_AddEntity" time="0.0">
    <skipped/>
  </testcase> <!-- T05_AddEntity -->
  <testcase classname="com.Hash.e_invoice.TC3_AddEntityTest" name="T06_ClickCheeckBOX" time="0.0">
    <skipped/>
  </testcase> <!-- T06_ClickCheeckBOX -->
  <testcase classname="com.Hash.e_invoice.TC3_AddEntityTest" name="T07_ClickOnSave" time="0.0">
    <skipped/>
  </testcase> <!-- T07_ClickOnSave -->
  <testcase classname="com.Hash.e_invoice.TC3_AddEntityTest" name="T08_ClickOnContinue" time="0.0">
    <skipped/>
  </testcase> <!-- T08_ClickOnContinue -->
  <testcase classname="com.Hash.e_invoice.TC4_PhaseSelection" name="T01_NavigateToURL" time="0.0">
    <skipped/>
  </testcase> <!-- T01_NavigateToURL -->
  <testcase classname="com.Hash.e_invoice.TC4_PhaseSelection" name="T02_EnterEmail" time="0.0">
    <skipped/>
  </testcase> <!-- T02_EnterEmail -->
  <testcase classname="com.Hash.e_invoice.TC4_PhaseSelection" name="T03_EnterPassword" time="0.0">
    <skipped/>
  </testcase> <!-- T03_EnterPassword -->
  <testcase classname="com.Hash.e_invoice.TC4_PhaseSelection" name="T04_ClickOnSignIn" time="0.0">
    <skipped/>
  </testcase> <!-- T04_ClickOnSignIn -->
  <testcase classname="com.Hash.e_invoice.TC4_PhaseSelection" name="T05_SelectPhase2" time="0.0">
    <skipped/>
  </testcase> <!-- T05_SelectPhase2 -->
  <testcase classname="com.Hash.e_invoice.TC4_PhaseSelection" name="T06_ClickOnContinue" time="0.0">
    <skipped/>
  </testcase> <!-- T06_ClickOnContinue -->
  <testcase classname="com.Hash.e_invoice.TC5_AddDevice" name="T01_NavigateToURL" time="0.0">
    <skipped/>
  </testcase> <!-- T01_NavigateToURL -->
  <testcase classname="com.Hash.e_invoice.TC5_AddDevice" name="T02_EnterEmail" time="0.0">
    <skipped/>
  </testcase> <!-- T02_EnterEmail -->
  <testcase classname="com.Hash.e_invoice.TC5_AddDevice" name="T03_EnterPassword" time="0.0">
    <skipped/>
  </testcase> <!-- T03_EnterPassword -->
  <testcase classname="com.Hash.e_invoice.TC5_AddDevice" name="T04_ClickOnSignIn" time="0.0">
    <skipped/>
  </testcase> <!-- T04_ClickOnSignIn -->
  <testcase classname="com.Hash.e_invoice.TC5_AddDevice" name="T05_AddEntity" time="0.0">
    <skipped/>
  </testcase> <!-- T05_AddEntity -->
  <testcase classname="com.Hash.e_invoice.TC5_AddDevice" name="T06_EnterEmail" time="0.0">
    <skipped/>
  </testcase> <!-- T06_EnterEmail -->
  <testcase classname="com.Hash.e_invoice.TC5_AddDevice" name="T07_EnterSerialNumber" time="0.0">
    <skipped/>
  </testcase> <!-- T07_EnterSerialNumber -->
  <testcase classname="com.Hash.e_invoice.TC5_AddDevice" name="T08_EnterDeviceName" time="0.0">
    <skipped/>
  </testcase> <!-- T08_EnterDeviceName -->
  <testcase classname="com.Hash.e_invoice.TC5_AddDevice" name="T09_EnterCommonName" time="0.0">
    <skipped/>
  </testcase> <!-- T09_EnterCommonName -->
  <testcase classname="com.Hash.e_invoice.TC5_AddDevice" name="T10_EnterOrgUnitName" time="0.0">
    <skipped/>
  </testcase> <!-- T10_EnterOrgUnitName -->
  <testcase classname="com.Hash.e_invoice.TC5_AddDevice" name="T13_EnterBuissSector" time="0.0">
    <skipped/>
  </testcase> <!-- T13_EnterBuissSector -->
  <testcase classname="com.Hash.e_invoice.TC5_AddDevice" name="T14_SelectInvoiceType" time="0.0">
    <skipped/>
  </testcase> <!-- T14_SelectInvoiceType -->
  <testcase classname="com.Hash.e_invoice.TC5_AddDevice" name="T15_SelectEntity" time="0.0">
    <skipped/>
  </testcase> <!-- T15_SelectEntity -->
  <testcase classname="com.Hash.e_invoice.TC5_AddDevice" name="T16_EnterOTP" time="0.0">
    <skipped/>
  </testcase> <!-- T16_EnterOTP -->
  <testcase classname="com.Hash.e_invoice.TC5_AddDevice" name="T17_UploadLogo" time="0.0">
    <skipped/>
  </testcase> <!-- T17_UploadLogo -->
  <testcase classname="com.Hash.e_invoice.TC5_AddDevice" name="T18_ClickOnSave" time="0.0">
    <skipped/>
  </testcase> <!-- T18_ClickOnSave -->
  <testcase classname="com.Hash.e_invoice.TC5_AddDevice" name="T19_ClickOnContinue" time="0.0">
    <skipped/>
  </testcase> <!-- T19_ClickOnContinue -->
  <testcase classname="com.Hash.e_invoice.TC5_AddDevice" name="T20_ClickOnContinue" time="0.0">
    <skipped/>
  </testcase> <!-- T20_ClickOnContinue -->
  <testcase classname="com.Hash.e_invoice.TC6_Customer" name="T01_NavigateToURL" time="0.0">
    <skipped/>
  </testcase> <!-- T01_NavigateToURL -->
  <testcase classname="com.Hash.e_invoice.TC6_Customer" name="T02_EnterEmail" time="0.0">
    <skipped/>
  </testcase> <!-- T02_EnterEmail -->
  <testcase classname="com.Hash.e_invoice.TC6_Customer" name="T03_EnterPassword" time="0.0">
    <skipped/>
  </testcase> <!-- T03_EnterPassword -->
  <testcase classname="com.Hash.e_invoice.TC6_Customer" name="T04_ClickOnSignIn" time="0.0">
    <skipped/>
  </testcase> <!-- T04_ClickOnSignIn -->
  <testcase classname="com.Hash.e_invoice.TC6_Customer" name="T05_ClickOnCustomerTab" time="0.0">
    <skipped/>
  </testcase> <!-- T05_ClickOnCustomerTab -->
  <testcase classname="com.Hash.e_invoice.TC6_Customer" name="T06_ClickOnCreateNew" time="0.0">
    <skipped/>
  </testcase> <!-- T06_ClickOnCreateNew -->
  <testcase classname="com.Hash.e_invoice.TC6_Customer" name="T07_InputRegNmAr" time="0.0">
    <skipped/>
  </testcase> <!-- T07_InputRegNmAr -->
  <testcase classname="com.Hash.e_invoice.TC6_Customer" name="T08_InputRegNmEn" time="0.0">
    <skipped/>
  </testcase> <!-- T08_InputRegNmEn -->
  <testcase classname="com.Hash.e_invoice.TC6_Customer" name="T09_InputVatNumber" time="0.0">
    <skipped/>
  </testcase> <!-- T09_InputVatNumber -->
  <testcase classname="com.Hash.e_invoice.TC6_Customer" name="T10_InputCRN" time="0.0">
    <skipped/>
  </testcase> <!-- T10_InputCRN -->
  <testcase classname="com.Hash.e_invoice.TC6_Customer" name="T11_InputEmail" time="0.0">
    <skipped/>
  </testcase> <!-- T11_InputEmail -->
  <testcase classname="com.Hash.e_invoice.TC6_Customer" name="T12_InputPhoneNumber" time="0.0">
    <skipped/>
  </testcase> <!-- T12_InputPhoneNumber -->
  <testcase classname="com.Hash.e_invoice.TC6_Customer" name="T13_InputBuildingNumber" time="0.0">
    <skipped/>
  </testcase> <!-- T13_InputBuildingNumber -->
  <testcase classname="com.Hash.e_invoice.TC6_Customer" name="T14_InputAdditionalBuildingNumber" time="0.0">
    <skipped/>
  </testcase> <!-- T14_InputAdditionalBuildingNumber -->
  <testcase classname="com.Hash.e_invoice.TC6_Customer" name="T15_InputStreetAddress" time="0.0">
    <skipped/>
  </testcase> <!-- T15_InputStreetAddress -->
  <testcase classname="com.Hash.e_invoice.TC6_Customer" name="T16_InputStreetAddressEn" time="0.001">
    <skipped/>
  </testcase> <!-- T16_InputStreetAddressEn -->
  <testcase classname="com.Hash.e_invoice.TC6_Customer" name="T17_InputAdditionalStreetAr" time="0.0">
    <skipped/>
  </testcase> <!-- T17_InputAdditionalStreetAr -->
  <testcase classname="com.Hash.e_invoice.TC6_Customer" name="T18_InputAdditionalStreetAr" time="0.0">
    <skipped/>
  </testcase> <!-- T18_InputAdditionalStreetAr -->
  <testcase classname="com.Hash.e_invoice.TC6_Customer" name="T19_InputCityAr" time="0.0">
    <skipped/>
  </testcase> <!-- T19_InputCityAr -->
  <testcase classname="com.Hash.e_invoice.TC6_Customer" name="T20_InputCityEn" time="0.0">
    <skipped/>
  </testcase> <!-- T20_InputCityEn -->
  <testcase classname="com.Hash.e_invoice.TC6_Customer" name="T21_inputDistrictAr" time="0.0">
    <skipped/>
  </testcase> <!-- T21_inputDistrictAr -->
  <testcase classname="com.Hash.e_invoice.TC6_Customer" name="T22_InputDristicEn" time="0.0">
    <skipped/>
  </testcase> <!-- T22_InputDristicEn -->
  <testcase classname="com.Hash.e_invoice.TC6_Customer" name="T23_InputProvinceOrStateAr" time="0.0">
    <skipped/>
  </testcase> <!-- T23_InputProvinceOrStateAr -->
  <testcase classname="com.Hash.e_invoice.TC6_Customer" name="T24_InputProvinceOrStateEn" time="0.0">
    <skipped/>
  </testcase> <!-- T24_InputProvinceOrStateEn -->
  <testcase classname="com.Hash.e_invoice.TC6_Customer" name="T25_InputPostalCode" time="0.0">
    <skipped/>
  </testcase> <!-- T25_InputPostalCode -->
  <testcase classname="com.Hash.e_invoice.TC6_Customer" name="T26_ClicOnContactInformation" time="0.0">
    <skipped/>
  </testcase> <!-- T26_ClicOnContactInformation -->
  <testcase classname="com.Hash.e_invoice.TC6_Customer" name="T27_InputFirstNameAr" time="0.0">
    <skipped/>
  </testcase> <!-- T27_InputFirstNameAr -->
  <testcase classname="com.Hash.e_invoice.TC6_Customer" name="T28_InputFirstNameEn" time="0.0">
    <skipped/>
  </testcase> <!-- T28_InputFirstNameEn -->
  <testcase classname="com.Hash.e_invoice.TC6_Customer" name="T29_InputLastNameAr" time="0.0">
    <skipped/>
  </testcase> <!-- T29_InputLastNameAr -->
  <testcase classname="com.Hash.e_invoice.TC6_Customer" name="T30_InputLastNameEn" time="0.0">
    <skipped/>
  </testcase> <!-- T30_InputLastNameEn -->
  <testcase classname="com.Hash.e_invoice.TC6_Customer" name="T31_InputMiddleNameAr" time="0.0">
    <skipped/>
  </testcase> <!-- T31_InputMiddleNameAr -->
  <testcase classname="com.Hash.e_invoice.TC6_Customer" name="T32_InputMiddleNameEn" time="0.0">
    <skipped/>
  </testcase> <!-- T32_InputMiddleNameEn -->
  <testcase classname="com.Hash.e_invoice.TC6_Customer" name="T33_InputJobTitleAr" time="0.0">
    <skipped/>
  </testcase> <!-- T33_InputJobTitleAr -->
  <testcase classname="com.Hash.e_invoice.TC6_Customer" name="T34_InputJobTitleEn" time="0.0">
    <skipped/>
  </testcase> <!-- T34_InputJobTitleEn -->
  <testcase classname="com.Hash.e_invoice.TC6_Customer" name="T35_ClickOnSave" time="0.0">
    <skipped/>
  </testcase> <!-- T35_ClickOnSave -->
  <testcase classname="com.Hash.e_invoice.CommonTest" name="@BeforeSuite setup" time="0.0">
    <ignored/>
  </testcase> <!-- @BeforeSuite setup -->
  <testcase classname="com.Hash.e_invoice.CommonTest" name="@BeforeSuite setup" time="0.0">
    <ignored/>
  </testcase> <!-- @BeforeSuite setup -->
  <testcase classname="com.Hash.e_invoice.CommonTest" name="@AfterSuite teardown" time="0.0">
    <ignored/>
  </testcase> <!-- @AfterSuite teardown -->
  <testcase classname="com.Hash.e_invoice.CommonTest" name="@AfterSuite teardown" time="0.0">
    <ignored/>
  </testcase> <!-- @AfterSuite teardown -->
  <testcase classname="com.Hash.e_invoice.CommonTest" name="@AfterSuite teardown" time="0.0">
    <ignored/>
  </testcase> <!-- @AfterSuite teardown -->
  <testcase classname="com.Hash.e_invoice.CommonTest" name="@BeforeSuite setup" time="0.0">
    <ignored/>
  </testcase> <!-- @BeforeSuite setup -->
  <testcase classname="com.Hash.e_invoice.CommonTest" name="@AfterSuite teardown" time="0.0">
    <ignored/>
  </testcase> <!-- @AfterSuite teardown -->
  <testcase classname="com.Hash.e_invoice.CommonTest" name="@AfterSuite teardown" time="0.0">
    <ignored/>
  </testcase> <!-- @AfterSuite teardown -->
  <testcase classname="com.Hash.e_invoice.CommonTest" name="@BeforeSuite setup" time="0.0">
    <ignored/>
  </testcase> <!-- @BeforeSuite setup -->
  <testcase classname="com.Hash.e_invoice.CommonTest" name="@BeforeSuite setup" time="0.0">
    <ignored/>
  </testcase> <!-- @BeforeSuite setup -->
</testsuite> <!-- Test -->
