<?xml version="1.0" encoding="UTF-8"?>
<testng-results ignored="0" total="18" passed="18" failed="0" skipped="0">
  <reporter-output>
  </reporter-output>
  <suite started-at="2024-12-20T22:43:35 EST" name="Default suite" finished-at="2024-12-20T22:45:24 EST" duration-ms="108727">
    <groups>
    </groups>
    <test started-at="2024-12-20T22:43:35 EST" name="Default test" finished-at="2024-12-20T22:45:24 EST" duration-ms="108727">
      <class name="com.Hash.e_invoice.TC5_AddDevice">
        <test-method is-config="true" signature="setup()[pri:0, instance:com.Hash.e_invoice.TC5_AddDevice@2e8c1c9b]" started-at="2024-12-20T22:43:32 EST" name="setup" finished-at="2024-12-20T22:43:35 EST" duration-ms="2599" status="PASS">
          <reporter-output>
          </reporter-output>
        </test-method> <!-- setup -->
        <test-method signature="T01_NavigateToURL()[pri:0, instance:com.Hash.e_invoice.TC5_AddDevice@2e8c1c9b]" started-at="2024-12-20T22:43:35 EST" name="T01_NavigateToURL" finished-at="2024-12-20T22:43:42 EST" duration-ms="7121" status="PASS">
          <reporter-output>
          </reporter-output>
        </test-method> <!-- T01_NavigateToURL -->
        <test-method signature="T02_EnterEmail()[pri:0, instance:com.Hash.e_invoice.TC5_AddDevice@2e8c1c9b]" started-at="2024-12-20T22:43:42 EST" name="T02_EnterEmail" finished-at="2024-12-20T22:43:47 EST" duration-ms="5126" status="PASS">
          <reporter-output>
          </reporter-output>
        </test-method> <!-- T02_EnterEmail -->
        <test-method signature="T03_EnterPassword()[pri:0, instance:com.Hash.e_invoice.TC5_AddDevice@2e8c1c9b]" started-at="2024-12-20T22:43:47 EST" name="T03_EnterPassword" finished-at="2024-12-20T22:43:52 EST" duration-ms="5083" status="PASS">
          <reporter-output>
          </reporter-output>
        </test-method> <!-- T03_EnterPassword -->
        <test-method signature="T04_ClickOnSignIn()[pri:0, instance:com.Hash.e_invoice.TC5_AddDevice@2e8c1c9b]" started-at="2024-12-20T22:43:52 EST" name="T04_ClickOnSignIn" finished-at="2024-12-20T22:43:57 EST" duration-ms="5070" status="PASS">
          <reporter-output>
          </reporter-output>
        </test-method> <!-- T04_ClickOnSignIn -->
        <test-method signature="T05_AddDevice()[pri:0, instance:com.Hash.e_invoice.TC5_AddDevice@2e8c1c9b]" started-at="2024-12-20T22:43:57 EST" name="T05_AddDevice" finished-at="2024-12-20T22:44:02 EST" duration-ms="5128" status="PASS">
          <reporter-output>
          </reporter-output>
        </test-method> <!-- T05_AddDevice -->
        <test-method signature="T06_EnterEmail()[pri:0, instance:com.Hash.e_invoice.TC5_AddDevice@2e8c1c9b]" started-at="2024-12-20T22:44:02 EST" name="T06_EnterEmail" finished-at="2024-12-20T22:44:07 EST" duration-ms="5063" status="PASS">
          <reporter-output>
          </reporter-output>
        </test-method> <!-- T06_EnterEmail -->
        <test-method signature="T07_EnterSerialNumber()[pri:0, instance:com.Hash.e_invoice.TC5_AddDevice@2e8c1c9b]" started-at="2024-12-20T22:44:07 EST" name="T07_EnterSerialNumber" finished-at="2024-12-20T22:44:12 EST" duration-ms="5067" status="PASS">
          <reporter-output>
          </reporter-output>
        </test-method> <!-- T07_EnterSerialNumber -->
        <test-method signature="T08_EnterDeviceName()[pri:0, instance:com.Hash.e_invoice.TC5_AddDevice@2e8c1c9b]" started-at="2024-12-20T22:44:12 EST" name="T08_EnterDeviceName" finished-at="2024-12-20T22:44:18 EST" duration-ms="5057" status="PASS">
          <reporter-output>
          </reporter-output>
        </test-method> <!-- T08_EnterDeviceName -->
        <test-method signature="T09_EnterCommonName()[pri:0, instance:com.Hash.e_invoice.TC5_AddDevice@2e8c1c9b]" started-at="2024-12-20T22:44:18 EST" name="T09_EnterCommonName" finished-at="2024-12-20T22:44:23 EST" duration-ms="5055" status="PASS">
          <reporter-output>
          </reporter-output>
        </test-method> <!-- T09_EnterCommonName -->
        <test-method signature="T10_EnterOrgUnitName()[pri:0, instance:com.Hash.e_invoice.TC5_AddDevice@2e8c1c9b]" started-at="2024-12-20T22:44:23 EST" name="T10_EnterOrgUnitName" finished-at="2024-12-20T22:44:28 EST" duration-ms="5051" status="PASS">
          <reporter-output>
          </reporter-output>
        </test-method> <!-- T10_EnterOrgUnitName -->
        <test-method signature="T13_EnterBuissSector()[pri:0, instance:com.Hash.e_invoice.TC5_AddDevice@2e8c1c9b]" started-at="2024-12-20T22:44:28 EST" name="T13_EnterBuissSector" finished-at="2024-12-20T22:44:33 EST" duration-ms="5057" status="PASS">
          <reporter-output>
          </reporter-output>
        </test-method> <!-- T13_EnterBuissSector -->
        <test-method signature="T14_SelectInvoiceType()[pri:0, instance:com.Hash.e_invoice.TC5_AddDevice@2e8c1c9b]" started-at="2024-12-20T22:44:33 EST" name="T14_SelectInvoiceType" finished-at="2024-12-20T22:44:43 EST" duration-ms="10211" status="PASS">
          <reporter-output>
          </reporter-output>
        </test-method> <!-- T14_SelectInvoiceType -->
        <test-method signature="T15_SelectEntity()[pri:0, instance:com.Hash.e_invoice.TC5_AddDevice@2e8c1c9b]" started-at="2024-12-20T22:44:43 EST" name="T15_SelectEntity" finished-at="2024-12-20T22:44:53 EST" duration-ms="10186" status="PASS">
          <reporter-output>
          </reporter-output>
        </test-method> <!-- T15_SelectEntity -->
        <test-method signature="T16_EnterOTP()[pri:0, instance:com.Hash.e_invoice.TC5_AddDevice@2e8c1c9b]" started-at="2024-12-20T22:44:53 EST" name="T16_EnterOTP" finished-at="2024-12-20T22:44:58 EST" duration-ms="5058" status="PASS">
          <reporter-output>
          </reporter-output>
        </test-method> <!-- T16_EnterOTP -->
        <test-method signature="T17_UploadLogo()[pri:0, instance:com.Hash.e_invoice.TC5_AddDevice@2e8c1c9b]" started-at="2024-12-20T22:44:58 EST" name="T17_UploadLogo" finished-at="2024-12-20T22:45:08 EST" duration-ms="10118" status="PASS">
          <reporter-output>
          </reporter-output>
        </test-method> <!-- T17_UploadLogo -->
        <test-method signature="T18_ClickOnSave()[pri:0, instance:com.Hash.e_invoice.TC5_AddDevice@2e8c1c9b]" started-at="2024-12-20T22:45:08 EST" name="T18_ClickOnSave" finished-at="2024-12-20T22:45:13 EST" duration-ms="5079" status="PASS">
          <reporter-output>
          </reporter-output>
        </test-method> <!-- T18_ClickOnSave -->
        <test-method signature="T19_ClickOnContinue()[pri:0, instance:com.Hash.e_invoice.TC5_AddDevice@2e8c1c9b]" started-at="2024-12-20T22:45:13 EST" name="T19_ClickOnContinue" finished-at="2024-12-20T22:45:18 EST" duration-ms="5054" status="PASS">
          <reporter-output>
          </reporter-output>
        </test-method> <!-- T19_ClickOnContinue -->
        <test-method signature="T20_ClickOnContinue()[pri:0, instance:com.Hash.e_invoice.TC5_AddDevice@2e8c1c9b]" started-at="2024-12-20T22:45:18 EST" name="T20_ClickOnContinue" finished-at="2024-12-20T22:45:23 EST" duration-ms="5065" status="PASS">
          <reporter-output>
          </reporter-output>
        </test-method> <!-- T20_ClickOnContinue -->
        <test-method is-config="true" signature="teardown()[pri:0, instance:com.Hash.e_invoice.TC5_AddDevice@2e8c1c9b]" started-at="2024-12-20T22:45:24 EST" name="teardown" finished-at="2024-12-20T22:45:24 EST" duration-ms="250" status="PASS">
          <reporter-output>
          </reporter-output>
        </test-method> <!-- teardown -->
      </class> <!-- com.Hash.e_invoice.TC5_AddDevice -->
    </test> <!-- Default test -->
  </suite> <!-- Default suite -->
</testng-results>
