<?xml version="1.0" encoding="UTF-8"?>
<testng-results ignored="0" total="14" passed="14" failed="0" skipped="0">
  <reporter-output>
  </reporter-output>
  <suite started-at="2024-11-30T01:08:37 EST" name="Default suite" finished-at="2024-11-30T01:10:03 EST" duration-ms="86051">
    <groups>
    </groups>
    <test started-at="2024-11-30T01:08:37 EST" name="Default test" finished-at="2024-11-30T01:10:03 EST" duration-ms="86051">
      <class name="com.Hash.e_invoice.TC7_CreateSimplifiedInvoice">
        <test-method is-config="true" signature="setup()[pri:0, instance:com.Hash.e_invoice.TC7_CreateSimplifiedInvoice@11392934]" started-at="2024-11-30T01:08:35 EST" name="setup" finished-at="2024-11-30T01:08:37 EST" duration-ms="2180" status="PASS">
          <reporter-output>
          </reporter-output>
        </test-method> <!-- setup -->
        <test-method signature="T01_NavigateToURL()[pri:0, instance:com.Hash.e_invoice.TC7_CreateSimplifiedInvoice@11392934]" started-at="2024-11-30T01:08:37 EST" name="T01_NavigateToURL" finished-at="2024-11-30T01:08:46 EST" duration-ms="8434" status="PASS">
          <reporter-output>
          </reporter-output>
        </test-method> <!-- T01_NavigateToURL -->
        <test-method signature="T02_EnterEmail()[pri:0, instance:com.Hash.e_invoice.TC7_CreateSimplifiedInvoice@11392934]" started-at="2024-11-30T01:08:46 EST" name="T02_EnterEmail" finished-at="2024-11-30T01:08:48 EST" duration-ms="2127" status="PASS">
          <reporter-output>
          </reporter-output>
        </test-method> <!-- T02_EnterEmail -->
        <test-method signature="T03_EnterPassword()[pri:0, instance:com.Hash.e_invoice.TC7_CreateSimplifiedInvoice@11392934]" started-at="2024-11-30T01:08:48 EST" name="T03_EnterPassword" finished-at="2024-11-30T01:08:50 EST" duration-ms="2051" status="PASS">
          <reporter-output>
          </reporter-output>
        </test-method> <!-- T03_EnterPassword -->
        <test-method signature="T04_ClickOnSignIn()[pri:0, instance:com.Hash.e_invoice.TC7_CreateSimplifiedInvoice@11392934]" started-at="2024-11-30T01:08:50 EST" name="T04_ClickOnSignIn" finished-at="2024-11-30T01:08:55 EST" duration-ms="5075" status="PASS">
          <reporter-output>
          </reporter-output>
        </test-method> <!-- T04_ClickOnSignIn -->
        <test-method signature="T05_ClickOneInvoice()[pri:0, instance:com.Hash.e_invoice.TC7_CreateSimplifiedInvoice@11392934]" started-at="2024-11-30T01:08:55 EST" name="T05_ClickOneInvoice" finished-at="2024-11-30T01:09:00 EST" duration-ms="5090" status="PASS">
          <reporter-output>
          </reporter-output>
        </test-method> <!-- T05_ClickOneInvoice -->
        <test-method signature="T06_ClickOnCreate()[pri:0, instance:com.Hash.e_invoice.TC7_CreateSimplifiedInvoice@11392934]" started-at="2024-11-30T01:09:00 EST" name="T06_ClickOnCreate" finished-at="2024-11-30T01:09:02 EST" duration-ms="2167" status="PASS">
          <reporter-output>
          </reporter-output>
        </test-method> <!-- T06_ClickOnCreate -->
        <test-method signature="T07_SelectOrganization()[pri:0, instance:com.Hash.e_invoice.TC7_CreateSimplifiedInvoice@11392934]" started-at="2024-11-30T01:09:02 EST" name="T07_SelectOrganization" finished-at="2024-11-30T01:09:06 EST" duration-ms="4202" status="PASS">
          <reporter-output>
          </reporter-output>
        </test-method> <!-- T07_SelectOrganization -->
        <test-method signature="T10_SelectInvoiceType()[pri:0, instance:com.Hash.e_invoice.TC7_CreateSimplifiedInvoice@11392934]" started-at="2024-11-30T01:09:06 EST" name="T10_SelectInvoiceType" finished-at="2024-11-30T01:09:10 EST" duration-ms="4156" status="PASS">
          <reporter-output>
          </reporter-output>
        </test-method> <!-- T10_SelectInvoiceType -->
        <test-method signature="T11_SelectSupplyStartDate()[pri:0, instance:com.Hash.e_invoice.TC7_CreateSimplifiedInvoice@11392934]" started-at="2024-11-30T01:09:10 EST" name="T11_SelectSupplyStartDate" finished-at="2024-11-30T01:09:15 EST" duration-ms="4189" status="PASS">
          <reporter-output>
          </reporter-output>
        </test-method> <!-- T11_SelectSupplyStartDate -->
        <test-method signature="T12_SelectSupplyEndDate()[pri:0, instance:com.Hash.e_invoice.TC7_CreateSimplifiedInvoice@11392934]" started-at="2024-11-30T01:09:15 EST" name="T12_SelectSupplyEndDate" finished-at="2024-11-30T01:09:19 EST" duration-ms="4166" status="PASS">
          <reporter-output>
          </reporter-output>
        </test-method> <!-- T12_SelectSupplyEndDate -->
        <test-method signature="T13_InputIteamName()[pri:0, instance:com.Hash.e_invoice.TC7_CreateSimplifiedInvoice@11392934]" started-at="2024-11-30T01:09:19 EST" name="T13_InputIteamName" finished-at="2024-11-30T01:09:23 EST" duration-ms="4538" status="PASS">
          <reporter-output>
          </reporter-output>
        </test-method> <!-- T13_InputIteamName -->
        <test-method signature="T14_InputQantity()[pri:0, instance:com.Hash.e_invoice.TC7_CreateSimplifiedInvoice@11392934]" started-at="2024-11-30T01:09:23 EST" name="T14_InputQantity" finished-at="2024-11-30T01:09:25 EST" duration-ms="2079" status="PASS">
          <reporter-output>
          </reporter-output>
        </test-method> <!-- T14_InputQantity -->
        <test-method signature="T15_InputPrice()[pri:0, instance:com.Hash.e_invoice.TC7_CreateSimplifiedInvoice@11392934]" started-at="2024-11-30T01:09:25 EST" name="T15_InputPrice" finished-at="2024-11-30T01:09:28 EST" duration-ms="2115" status="PASS">
          <reporter-output>
          </reporter-output>
        </test-method> <!-- T15_InputPrice -->
        <test-method signature="T16_InputUnit()[pri:0, instance:com.Hash.e_invoice.TC7_CreateSimplifiedInvoice@11392934]" started-at="2024-11-30T01:09:28 EST" name="T16_InputUnit" finished-at="2024-11-30T01:10:03 EST" duration-ms="35599" status="PASS">
          <reporter-output>
          </reporter-output>
        </test-method> <!-- T16_InputUnit -->
        <test-method is-config="true" signature="teardown()[pri:0, instance:com.Hash.e_invoice.TC7_CreateSimplifiedInvoice@11392934]" started-at="2024-11-30T01:10:03 EST" name="teardown" finished-at="2024-11-30T01:10:03 EST" duration-ms="247" status="PASS">
          <reporter-output>
          </reporter-output>
        </test-method> <!-- teardown -->
      </class> <!-- com.Hash.e_invoice.TC7_CreateSimplifiedInvoice -->
    </test> <!-- Default test -->
  </suite> <!-- Default suite -->
</testng-results>
